0 info it worked if it ends with ok
1 verbose cli [ 'node',
1 verbose cli   'C:\\Users\\Claudio\\AppData\\Roaming\\npm\\node_modules\\npm\\bin\\npm-cli.js',
1 verbose cli   'version',
1 verbose cli   '1.0.4' ]
2 info using npm@2.11.0
3 info using node@v0.12.1
4 info preversion undefined
5 info git [ 'status', '--porcelain' ]
6 verbose stack Error: Error: Git working directory not clean.
6 verbose stack M package.json
6 verbose stack     at C:\Users\Claudio\AppData\Roaming\npm\node_modules\npm\lib\version.js:67:23
6 verbose stack     at C:\Users\Claudio\AppData\Roaming\npm\node_modules\npm\lib\version.js:147:34
6 verbose stack     at ChildProcess.exithandler (child_process.js:735:7)
6 verbose stack     at ChildProcess.emit (events.js:110:17)
6 verbose stack     at maybeClose (child_process.js:1008:16)
6 verbose stack     at Process.ChildProcess._handle.onexit (child_process.js:1080:5)
7 verbose cwd C:\Users\Claudio\Documents\Projects\MEAN demo\devenv
8 error Windows_NT 6.3.9600
9 error argv "node" "C:\\Users\\Claudio\\AppData\\Roaming\\npm\\node_modules\\npm\\bin\\npm-cli.js" "version" "1.0.4"
10 error node v0.12.1
11 error npm  v2.11.0
12 error Error: Git working directory not clean.
12 error M package.json
13 error If you need help, you may report this error at:
13 error     <https://github.com/npm/npm/issues>
14 verbose exit [ 1, true ]
